<?xml version="1.0" encoding="UTF-8"?>
<!-- Generated by org.testng.reporters.JUnitReportReporter -->
<testsuite hostname="PRO-IND-500" name="com.pricingtestcasessprint01.PricingLevel010" tests="1" failures="0" timestamp="15 Sep 2016 09:31:50 GMT" time="68.728" errors="0">
  <testcase name="pricinglevel010" time="68.728" classname="com.pricingtestcasessprint01.PricingLevel010"/>
</testsuite> <!-- com.pricingtestcasessprint01.PricingLevel010 -->
