<?xml version="1.0" encoding="UTF-8"?>
<!-- Generated by org.testng.reporters.JUnitReportReporter -->
<testsuite hostname="PRO-IND-500" name="com.pricingtestcasessprint01.PricingLevel007" tests="1" failures="0" timestamp="15 Sep 2016 08:50:27 GMT" time="132.055" errors="0">
  <testcase name="pricinglevel006" time="132.055" classname="com.pricingtestcasessprint01.PricingLevel007"/>
</testsuite> <!-- com.pricingtestcasessprint01.PricingLevel007 -->
