<?xml version="1.0" encoding="UTF-8"?>
<!-- Generated by org.testng.reporters.JUnitReportReporter -->
<testsuite hostname="PRO-IND-500" name="com.pricingtestcasessprint01.LpgSetup02" tests="1" failures="0" timestamp="16 Sep 2016 09:00:12 GMT" time="96.481" errors="0">
  <testcase name="lpgSetup02" time="96.481" classname="com.pricingtestcasessprint01.LpgSetup02"/>
</testsuite> <!-- com.pricingtestcasessprint01.LpgSetup02 -->
