<?xml version="1.0" encoding="UTF-8"?>
<!-- Generated by org.testng.reporters.JUnitReportReporter -->
<testsuite hostname="PRO-IND-500" name="com.pricingcommon.BatchTestingClass" tests="1" failures="0" timestamp="3 Sep 2016 09:14:39 GMT" time="0.060" errors="0">
  <testcase name="testOne" time="0.060" classname="com.pricingcommon.BatchTestingClass"/>
</testsuite> <!-- com.pricingcommon.BatchTestingClass -->
