<?xml version="1.0" encoding="UTF-8"?>
<!-- Generated by org.testng.reporters.JUnitReportReporter -->
<testsuite hostname="PRO-IND-500" name="com.pricingtestcasessprint01.CustomerCreation01" tests="1" failures="0" timestamp="16 Sep 2016 08:24:09 GMT" time="403.060" errors="0">
  <testcase name="customerCreation" time="403.060" classname="com.pricingtestcasessprint01.CustomerCreation01"/>
</testsuite> <!-- com.pricingtestcasessprint01.CustomerCreation01 -->
