<?xml version="1.0" encoding="UTF-8"?>
<!-- Generated by org.testng.reporters.JUnitReportReporter -->
<testsuite hostname="PRO-IND-500" name="Pricing_Common.HTML_Report" tests="1" failures="0" timestamp="26 Aug 2016 11:43:06 GMT" time="0.015" errors="0">
  <testcase name="htmlBuilder" time="0.015" classname="Pricing_Common.HTML_Report"/>
</testsuite> <!-- Pricing_Common.HTML_Report -->
