<?xml version="1.0" encoding="UTF-8"?>
<!-- Generated by org.testng.reporters.JUnitReportReporter -->
<testsuite hostname="PRO-IND-500" name="com.pricingtestcasessprint01.CustomerCreation01" tests="1" failures="0" timestamp="1 Sep 2016 10:16:44 GMT" time="401.660" errors="0">
  <testcase name="customerCreation" time="401.660" classname="com.pricingtestcasessprint01.CustomerCreation01"/>
</testsuite> <!-- com.pricingtestcasessprint01.CustomerCreation01 -->
