<?xml version="1.0" encoding="UTF-8"?>
<!-- Generated by org.testng.reporters.JUnitReportReporter -->
<testsuite hostname="PRO-IND-500" name="com.pricingtestcasessprint01.PricingLevel008" tests="1" failures="0" timestamp="15 Sep 2016 08:21:44 GMT" time="56.830" errors="0">
  <testcase name="pricinglevel008" time="56.830" classname="com.pricingtestcasessprint01.PricingLevel008"/>
</testsuite> <!-- com.pricingtestcasessprint01.PricingLevel008 -->
