<?xml version="1.0" encoding="UTF-8"?>
<!-- Generated by org.testng.reporters.JUnitReportReporter -->
<testsuite hostname="PRO-IND-500" name="Pricing_TestCases_Sprint01.Customer_Creation_01" tests="1" failures="0" timestamp="26 Aug 2016 12:34:50 GMT" time="4.819" errors="0">
  <testcase name="testOne" time="4.819" classname="Pricing_TestCases_Sprint01.Customer_Creation_01"/>
</testsuite> <!-- Pricing_TestCases_Sprint01.Customer_Creation_01 -->
