<?xml version="1.0" encoding="UTF-8"?>
<!-- Generated by org.testng.reporters.JUnitReportReporter -->
<testsuite hostname="PRO-IND-500" name="com.pricingtestcasessprint01.PricingLevel006" tests="1" failures="0" timestamp="15 Sep 2016 08:46:56 GMT" time="69.055" errors="0">
  <testcase name="pricinglevel006" time="69.055" classname="com.pricingtestcasessprint01.PricingLevel006"/>
</testsuite> <!-- com.pricingtestcasessprint01.PricingLevel006 -->
