<?xml version="1.0" encoding="UTF-8"?>
<!-- Generated by org.testng.reporters.JUnitReportReporter -->
<testsuite hostname="PRO-IND-500" name="com.pricingtestcasessprint01.ContractSetup05" tests="1" failures="0" timestamp="15 Sep 2016 08:45:25 GMT" time="227.759" errors="0">
  <testcase name="contractSetup05" time="227.759" classname="com.pricingtestcasessprint01.ContractSetup05"/>
</testsuite> <!-- com.pricingtestcasessprint01.ContractSetup05 -->
