<?xml version="1.0" encoding="UTF-8"?>
<!-- Generated by org.testng.reporters.JUnitReportReporter -->
<testsuite hostname="PRO-IND-500" name="com.pricingtestcasessprint01.PccaSetup03" tests="1" failures="0" timestamp="16 Sep 2016 09:01:35 GMT" time="45.164" errors="0">
  <testcase name="pccaSetup03" time="45.164" classname="com.pricingtestcasessprint01.PccaSetup03"/>
</testsuite> <!-- com.pricingtestcasessprint01.PccaSetup03 -->
