<?xml version="1.0" encoding="UTF-8"?>
<!-- Generated by org.testng.reporters.JUnitReportReporter -->
<testsuite hostname="PRO-IND-500" name="com.pricingtestcasessprint01.LpgSetup02" tests="1" failures="0" timestamp="1 Sep 2016 09:43:30 GMT" time="94.278" errors="0">
  <testcase name="lpgSetup02" time="94.278" classname="com.pricingtestcasessprint01.LpgSetup02"/>
</testsuite> <!-- com.pricingtestcasessprint01.LpgSetup02 -->
