<?xml version="1.0" encoding="UTF-8"?>
<!-- Generated by org.testng.reporters.JUnitReportReporter -->
<testsuite hostname="PRO-IND-500" name="Pricing_TestCases_Sprint01.CustomerCreation" tests="1" failures="0" timestamp="31 Aug 2016 12:26:01 GMT" time="87.065" errors="0">
  <testcase name="testOne" time="87.065" classname="Pricing_TestCases_Sprint01.CustomerCreation"/>
</testsuite> <!-- Pricing_TestCases_Sprint01.CustomerCreation -->
