<?xml version="1.0" encoding="UTF-8"?>
<!-- Generated by org.testng.reporters.JUnitReportReporter -->
<testsuite hostname="PRO-IND-500" name="com.pricingtestcasessprint01.GpoSetup04" tests="1" failures="0" timestamp="15 Sep 2016 08:40:25 GMT" time="57.519" errors="0">
  <testcase name="gpoSetup" time="57.519" classname="com.pricingtestcasessprint01.GpoSetup04"/>
</testsuite> <!-- com.pricingtestcasessprint01.GpoSetup04 -->
